=N:[UsageMeter (2026-01-03 02:21:58 ìåãû (ïWèÄéû))] usage server initial connection
=N:[License] 
Licensed for Altair DSim Cloud.
=N:[License] New lease granted.
Analyzing...
Elaborating...
  Top-level modules:
    $unit
    tb_Fetcher
  Found 5 unique specialization(s) of 5 design element(s).
Optimizing...
Building models...
PLI/VPI access: +b 
Simulation time precision is 1ns.
  [4/5] module tb_Fetcher: 50 functions, 200 basic blocks
Linking image.so...
Using default typical min/typ/max.
=S:Begin run-time elaboration and static initialization...
=N:[dumpMXD] preparing MXD dump to 'waves.mxd'.
=N:[dump] Dump started at time 0
=N:Starting event scheduler...
=N:[dumpMXD] closing MXD dump
=T:Simulation terminated by $finish at time 300 (E:\git\V850\V850\src\tb_Fetcher.sv:85);
Run directory: E:\git\V850\V850\simulation\work
  System timescale is 1ns / 1ns
  Altair DSim version: 2026.0.0 (b:R #c:127 h:14cc828913 os:msys2_)
  Random seed: (defaulted to 1)
